Determining if the pthread_create exist failed with the following output:
Change Dir: /home/robotdev/RobotProject/build/CMakeFiles/CMakeTmp

Run Build Command:"/usr/bin/make" "cmTC_a0b6f/fast"
/usr/bin/make -f CMakeFiles/cmTC_a0b6f.dir/build.make CMakeFiles/cmTC_a0b6f.dir/build
make[1]: Entering directory '/home/robotdev/RobotProject/build/CMakeFiles/CMakeTmp'
Building C object CMakeFiles/cmTC_a0b6f.dir/CheckSymbolExists.c.o
/usr/bin/cc    -o CMakeFiles/cmTC_a0b6f.dir/CheckSymbolExists.c.o   -c /home/robotdev/RobotProject/build/CMakeFiles/CMakeTmp/CheckSymbolExists.c
Linking C executable cmTC_a0b6f
/usr/bin/cmake -E cmake_link_script CMakeFiles/cmTC_a0b6f.dir/link.txt --verbose=1
/usr/bin/cc      -rdynamic CMakeFiles/cmTC_a0b6f.dir/CheckSymbolExists.c.o  -o cmTC_a0b6f 
CMakeFiles/cmTC_a0b6f.dir/CheckSymbolExists.c.o: In function `main':
CheckSymbolExists.c:(.text+0x1b): undefined reference to `pthread_create'
collect2: error: ld returned 1 exit status
CMakeFiles/cmTC_a0b6f.dir/build.make:97: recipe for target 'cmTC_a0b6f' failed
make[1]: *** [cmTC_a0b6f] Error 1
make[1]: Leaving directory '/home/robotdev/RobotProject/build/CMakeFiles/CMakeTmp'
Makefile:126: recipe for target 'cmTC_a0b6f/fast' failed
make: *** [cmTC_a0b6f/fast] Error 2

File /home/robotdev/RobotProject/build/CMakeFiles/CMakeTmp/CheckSymbolExists.c:
/* */
#include <pthread.h>

int main(int argc, char** argv)
{
  (void)argv;
#ifndef pthread_create
  return ((int*)(&pthread_create))[argc];
#else
  (void)argc;
  return 0;
#endif
}

Determining if the function pthread_create exists in the pthreads failed with the following output:
Change Dir: /home/robotdev/RobotProject/build/CMakeFiles/CMakeTmp

Run Build Command:"/usr/bin/make" "cmTC_4e2fa/fast"
/usr/bin/make -f CMakeFiles/cmTC_4e2fa.dir/build.make CMakeFiles/cmTC_4e2fa.dir/build
make[1]: Entering directory '/home/robotdev/RobotProject/build/CMakeFiles/CMakeTmp'
Building C object CMakeFiles/cmTC_4e2fa.dir/CheckFunctionExists.c.o
/usr/bin/cc   -DCHECK_FUNCTION_EXISTS=pthread_create   -o CMakeFiles/cmTC_4e2fa.dir/CheckFunctionExists.c.o   -c /usr/share/cmake-3.10/Modules/CheckFunctionExists.c
Linking C executable cmTC_4e2fa
/usr/bin/cmake -E cmake_link_script CMakeFiles/cmTC_4e2fa.dir/link.txt --verbose=1
/usr/bin/cc  -DCHECK_FUNCTION_EXISTS=pthread_create    -rdynamic CMakeFiles/cmTC_4e2fa.dir/CheckFunctionExists.c.o  -o cmTC_4e2fa -lpthreads 
/usr/bin/ld: cannot find -lpthreads
collect2: error: ld returned 1 exit status
CMakeFiles/cmTC_4e2fa.dir/build.make:97: recipe for target 'cmTC_4e2fa' failed
make[1]: *** [cmTC_4e2fa] Error 1
make[1]: Leaving directory '/home/robotdev/RobotProject/build/CMakeFiles/CMakeTmp'
Makefile:126: recipe for target 'cmTC_4e2fa/fast' failed
make: *** [cmTC_4e2fa/fast] Error 2


